<?xml version="1.0" encoding="UTF-8"?>
<testng-results skipped="0" failed="0" ignored="0" total="2" passed="2">
  <reporter-output>
  </reporter-output>
  <suite name="Suite" duration-ms="163410" started-at="2021-12-08T10:13:22Z" finished-at="2021-12-08T10:16:05Z">
    <groups>
      <group name="smoketest">
        <method signature="Tc_7.clear()[pri:0, instance:com.crm.vtiger.leads.Tc_7@17579e0f]" name="clear" class="com.crm.vtiger.leads.Tc_7"/>
        <method signature="Tc_7.clear()[pri:0, instance:com.crm.vtiger.leads.Tc_7@80503]" name="clear" class="com.crm.vtiger.leads.Tc_7"/>
      </group> <!-- smoketest -->
    </groups>
    <test name="Tc-07" duration-ms="161557" started-at="2021-12-08T10:13:22Z" finished-at="2021-12-08T10:16:04Z">
      <class name="com.crm.vtiger.leads.Tc_7">
        <test-method status="PASS" signature="launchBrowser(java.lang.String)[pri:0, instance:com.crm.vtiger.leads.Tc_7@17579e0f]" name="launchBrowser" is-config="true" duration-ms="49075" started-at="2021-12-08T10:13:22Z" finished-at="2021-12-08T10:14:11Z">
          <params>
            <param index="0">
              <value>
                <![CDATA[chrome]]>
              </value>
            </param>
          </params>
          <reporter-output>
          </reporter-output>
        </test-method> <!-- launchBrowser -->
        <test-method status="PASS" signature="login()[pri:0, instance:com.crm.vtiger.leads.Tc_7@17579e0f]" name="login" is-config="true" duration-ms="25753" started-at="2021-12-08T10:14:11Z" finished-at="2021-12-08T10:14:37Z">
          <reporter-output>
          </reporter-output>
        </test-method> <!-- login -->
        <test-method status="PASS" signature="clear()[pri:0, instance:com.crm.vtiger.leads.Tc_7@17579e0f]" name="clear" duration-ms="71250" started-at="2021-12-08T10:14:37Z" finished-at="2021-12-08T10:15:48Z">
          <reporter-output>
          </reporter-output>
        </test-method> <!-- clear -->
        <test-method status="PASS" signature="logOut()[pri:0, instance:com.crm.vtiger.leads.Tc_7@17579e0f]" name="logOut" is-config="true" duration-ms="13985" started-at="2021-12-08T10:15:48Z" finished-at="2021-12-08T10:16:02Z">
          <reporter-output>
          </reporter-output>
        </test-method> <!-- logOut -->
        <test-method status="PASS" signature="closeBrowser()[pri:0, instance:com.crm.vtiger.leads.Tc_7@17579e0f]" name="closeBrowser" is-config="true" duration-ms="1447" started-at="2021-12-08T10:16:02Z" finished-at="2021-12-08T10:16:04Z">
          <reporter-output>
          </reporter-output>
        </test-method> <!-- closeBrowser -->
      </class> <!-- com.crm.vtiger.leads.Tc_7 -->
    </test> <!-- Tc-07 -->
    <test name="Tc-7" duration-ms="163410" started-at="2021-12-08T10:13:22Z" finished-at="2021-12-08T10:16:05Z">
      <class name="com.crm.vtiger.leads.Tc_7">
        <test-method status="PASS" signature="connectToDb()[pri:0, instance:com.crm.vtiger.leads.Tc_7@80503]" name="connectToDb" is-config="true" duration-ms="705" started-at="2021-12-08T10:13:21Z" finished-at="2021-12-08T10:13:22Z">
          <reporter-output>
          </reporter-output>
        </test-method> <!-- connectToDb -->
        <test-method status="PASS" signature="launchBrowser(java.lang.String)[pri:0, instance:com.crm.vtiger.leads.Tc_7@80503]" name="launchBrowser" is-config="true" duration-ms="49087" started-at="2021-12-08T10:13:22Z" finished-at="2021-12-08T10:14:11Z">
          <params>
            <param index="0">
              <value>
                <![CDATA[chrome]]>
              </value>
            </param>
          </params>
          <reporter-output>
          </reporter-output>
        </test-method> <!-- launchBrowser -->
        <test-method status="PASS" signature="login()[pri:0, instance:com.crm.vtiger.leads.Tc_7@80503]" name="login" is-config="true" duration-ms="28027" started-at="2021-12-08T10:14:11Z" finished-at="2021-12-08T10:14:39Z">
          <reporter-output>
          </reporter-output>
        </test-method> <!-- login -->
        <test-method status="PASS" signature="clear()[pri:0, instance:com.crm.vtiger.leads.Tc_7@80503]" name="clear" duration-ms="68897" started-at="2021-12-08T10:14:39Z" finished-at="2021-12-08T10:15:48Z">
          <reporter-output>
          </reporter-output>
        </test-method> <!-- clear -->
        <test-method status="PASS" signature="logOut()[pri:0, instance:com.crm.vtiger.leads.Tc_7@80503]" name="logOut" is-config="true" duration-ms="14649" started-at="2021-12-08T10:15:48Z" finished-at="2021-12-08T10:16:03Z">
          <reporter-output>
          </reporter-output>
        </test-method> <!-- logOut -->
        <test-method status="FAIL" signature="closeBrowser()[pri:0, instance:com.crm.vtiger.leads.Tc_7@80503]" name="closeBrowser" is-config="true" duration-ms="2652" started-at="2021-12-08T10:16:03Z" finished-at="2021-12-08T10:16:05Z">
          <exception class="org.openqa.selenium.NoSuchSessionException">
            <message>
              <![CDATA[invalid session id
Build info: version: '3.141.59', revision: 'e82be7d358', time: '2018-11-14T08:17:03'
System info: host: 'DESKTOP-8DAP2QS', ip: '10.93.20.206', os.name: 'Windows 10', os.arch: 'amd64', os.version: '10.0', java.version: '1.8.0_241'
Driver info: org.openqa.selenium.chrome.ChromeDriver
Capabilities {acceptInsecureCerts: false, browserName: chrome, browserVersion: 96.0.4664.93, chrome: {chromedriverVersion: 96.0.4664.45 (76e4c1bb2ab46..., userDataDir: C:\Users\NANDHINI\AppData\L...}, goog:chromeOptions: {debuggerAddress: localhost:62198}, javascriptEnabled: true, networkConnectionEnabled: false, pageLoadStrategy: normal, platform: WINDOWS, platformName: WINDOWS, proxy: Proxy(), setWindowRect: true, strictFileInteractability: false, timeouts: {implicit: 0, pageLoad: 300000, script: 30000}, unhandledPromptBehavior: dismiss and notify, webauthn:extension:credBlob: true, webauthn:extension:largeBlob: true, webauthn:virtualAuthenticators: true}
Session ID: 1ee26233a00daef2d3f7e056e8c1d80f]]>
            </message>
            <full-stacktrace>
              <![CDATA[org.openqa.selenium.NoSuchSessionException: invalid session id
Build info: version: '3.141.59', revision: 'e82be7d358', time: '2018-11-14T08:17:03'
System info: host: 'DESKTOP-8DAP2QS', ip: '10.93.20.206', os.name: 'Windows 10', os.arch: 'amd64', os.version: '10.0', java.version: '1.8.0_241'
Driver info: org.openqa.selenium.chrome.ChromeDriver
Capabilities {acceptInsecureCerts: false, browserName: chrome, browserVersion: 96.0.4664.93, chrome: {chromedriverVersion: 96.0.4664.45 (76e4c1bb2ab46..., userDataDir: C:\Users\NANDHINI\AppData\L...}, goog:chromeOptions: {debuggerAddress: localhost:62198}, javascriptEnabled: true, networkConnectionEnabled: false, pageLoadStrategy: normal, platform: WINDOWS, platformName: WINDOWS, proxy: Proxy(), setWindowRect: true, strictFileInteractability: false, timeouts: {implicit: 0, pageLoad: 300000, script: 30000}, unhandledPromptBehavior: dismiss and notify, webauthn:extension:credBlob: true, webauthn:extension:largeBlob: true, webauthn:virtualAuthenticators: true}
Session ID: 1ee26233a00daef2d3f7e056e8c1d80f
at sun.reflect.NativeConstructorAccessorImpl.newInstance0(Native Method)
at sun.reflect.NativeConstructorAccessorImpl.newInstance(Unknown Source)
at sun.reflect.DelegatingConstructorAccessorImpl.newInstance(Unknown Source)
at java.lang.reflect.Constructor.newInstance(Unknown Source)
at org.openqa.selenium.remote.http.W3CHttpResponseCodec.createException(W3CHttpResponseCodec.java:187)
at org.openqa.selenium.remote.http.W3CHttpResponseCodec.decode(W3CHttpResponseCodec.java:122)
at org.openqa.selenium.remote.http.W3CHttpResponseCodec.decode(W3CHttpResponseCodec.java:49)
at org.openqa.selenium.remote.HttpCommandExecutor.execute(HttpCommandExecutor.java:158)
at org.openqa.selenium.remote.service.DriverCommandExecutor.execute(DriverCommandExecutor.java:83)
at org.openqa.selenium.remote.RemoteWebDriver.execute(RemoteWebDriver.java:552)
at org.openqa.selenium.remote.RemoteWebDriver.execute(RemoteWebDriver.java:609)
at org.openqa.selenium.remote.RemoteWebDriver.close(RemoteWebDriver.java:442)
at com.crm.vtiger.genericFileUtility.BaseClass.closeBrowser(BaseClass.java:86)
at sun.reflect.NativeMethodAccessorImpl.invoke0(Native Method)
at sun.reflect.NativeMethodAccessorImpl.invoke(Unknown Source)
at sun.reflect.DelegatingMethodAccessorImpl.invoke(Unknown Source)
at java.lang.reflect.Method.invoke(Unknown Source)
at org.testng.internal.MethodInvocationHelper.invokeMethod(MethodInvocationHelper.java:124)
at org.testng.internal.MethodInvocationHelper.invokeMethodConsideringTimeout(MethodInvocationHelper.java:59)
at org.testng.internal.Invoker.invokeConfigurationMethod(Invoker.java:458)
at org.testng.internal.Invoker.invokeConfigurations(Invoker.java:222)
at org.testng.internal.Invoker.invokeConfigurations(Invoker.java:142)
at org.testng.internal.TestMethodWorker.invokeAfterClassMethods(TestMethodWorker.java:214)
at org.testng.internal.TestMethodWorker.run(TestMethodWorker.java:111)
at org.testng.TestRunner.privateRun(TestRunner.java:648)
at org.testng.TestRunner.run(TestRunner.java:505)
at org.testng.SuiteRunner.runTest(SuiteRunner.java:455)
at org.testng.SuiteRunner.access$000(SuiteRunner.java:40)
at org.testng.SuiteRunner$SuiteWorker.run(SuiteRunner.java:489)
at org.testng.internal.thread.ThreadUtil$1.call(ThreadUtil.java:52)
at java.util.concurrent.FutureTask.run(Unknown Source)
at java.util.concurrent.ThreadPoolExecutor.runWorker(Unknown Source)
at java.util.concurrent.ThreadPoolExecutor$Worker.run(Unknown Source)
at java.lang.Thread.run(Unknown Source)
]]>
            </full-stacktrace>
          </exception> <!-- org.openqa.selenium.NoSuchSessionException -->
          <reporter-output>
          </reporter-output>
        </test-method> <!-- closeBrowser -->
        <test-method status="PASS" signature="closeDb()[pri:0, instance:com.crm.vtiger.leads.Tc_7@80503]" name="closeDb" is-config="true" duration-ms="241" started-at="2021-12-08T10:16:05Z" finished-at="2021-12-08T10:16:06Z">
          <reporter-output>
          </reporter-output>
        </test-method> <!-- closeDb -->
      </class> <!-- com.crm.vtiger.leads.Tc_7 -->
    </test> <!-- Tc-7 -->
  </suite> <!-- Suite -->
</testng-results>
