<?xml version="1.0" encoding="UTF-8"?>
<!-- Generated by org.testng.reporters.JUnitXMLReporter -->
<testsuite hostname="DESKTOP-8DAP2QS" ignored="2" name="Test" tests="1" failures="0" timestamp="01 Dec 2021 06:52:49 GMT" time="89.045" errors="0">
  <testcase name="tc_03" time="54.799" classname="com.crm.vtiger.leads.LeadsTest"/>
  <testcase name="tc_01" time="0.0" classname="com.crm.vtiger.leads.LeadsTest">
    <ignored/>
  </testcase> <!-- tc_01 -->
  <testcase name="tc_02" time="0.0" classname="com.crm.vtiger.leads.LeadsTest">
    <ignored/>
  </testcase> <!-- tc_02 -->
</testsuite> <!-- Test -->
